<?xml version="1.0" encoding="UTF-8"?>
<testng-results skipped="0" failed="0" total="2" passed="2">
  <reporter-output>
  </reporter-output>
  <suite name="Default suite" duration-ms="120" started-at="2019-06-23T10:29:23Z" finished-at="2019-06-23T10:29:23Z">
    <groups>
    </groups>
    <test name="Default test" duration-ms="120" started-at="2019-06-23T10:29:23Z" finished-at="2019-06-23T10:29:23Z">
      <class name="TestingPrograms.calculatorapp2">
        <test-method status="PASS" signature="mul()[pri:0, instance:TestingPrograms.calculatorapp2@153f5a29]" name="mul" duration-ms="55" started-at="2019-06-23T15:59:23Z" finished-at="2019-06-23T15:59:23Z">
          <reporter-output>
          </reporter-output>
        </test-method> <!-- mul -->
        <test-method status="PASS" signature="sum()[pri:0, instance:TestingPrograms.calculatorapp2@153f5a29]" name="sum" duration-ms="4" started-at="2019-06-23T15:59:23Z" finished-at="2019-06-23T15:59:23Z">
          <reporter-output>
          </reporter-output>
        </test-method> <!-- sum -->
      </class> <!-- TestingPrograms.calculatorapp2 -->
    </test> <!-- Default test -->
  </suite> <!-- Default suite -->
</testng-results>
